<?xml version="1.0" encoding="UTF-8"?>
<testng-results ignored="0" total="12" passed="12" failed="0" skipped="0">
  <reporter-output>
    <line>
      <![CDATA[Browser opened in Chrome]]>
    </line>
    <line>
      <![CDATA[FirstName entered into the Firstname field]]>
    </line>
    <line>
      <![CDATA[LastName entered into the Lastname field]]>
    </line>
    <line>
      <![CDATA[Email id Entered into the Email address field]]>
    </line>
    <line>
      <![CDATA[Phone number entered into telephone field]]>
    </line>
    <line>
      <![CDATA[Password Entered in to the password field]]>
    </line>
    <line>
      <![CDATA[Password Entered in to the confirm password field]]>
    </line>
    <line>
      <![CDATA[Clicked on Privacy Policy]]>
    </line>
    <line>
      <![CDATA[Clicked on Continue button]]>
    </line>
    <line>
      <![CDATA[successfully Created]]>
    </line>
    <line>
      <![CDATA[Browser opened in Chrome]]>
    </line>
    <line>
      <![CDATA[FirstName entered into the Firstname field]]>
    </line>
    <line>
      <![CDATA[LastName entered into the Lastname field]]>
    </line>
    <line>
      <![CDATA[Email id Entered into the Email address field]]>
    </line>
    <line>
      <![CDATA[Phone number entered into telephone field]]>
    </line>
    <line>
      <![CDATA[Password Entered in to the password field]]>
    </line>
    <line>
      <![CDATA[Password Entered in to the confirm password field]]>
    </line>
    <line>
      <![CDATA[Clicked on Yes in news letter]]>
    </line>
    <line>
      <![CDATA[Clicked on Privacy Policy]]>
    </line>
    <line>
      <![CDATA[Clicked on Continue button]]>
    </line>
    <line>
      <![CDATA[successfully Created]]>
    </line>
    <line>
      <![CDATA[Browser opened in Chrome]]>
    </line>
    <line>
      <![CDATA[FirstName entered into the Firstname field]]>
    </line>
    <line>
      <![CDATA[LastName entered into the Lastname field]]>
    </line>
    <line>
      <![CDATA[Email id Entered into the Email address field]]>
    </line>
    <line>
      <![CDATA[Phone number entered into telephone field]]>
    </line>
    <line>
      <![CDATA[Password Entered in to the password field]]>
    </line>
    <line>
      <![CDATA[Password Entered in to the confirm password field]]>
    </line>
    <line>
      <![CDATA[Clicked on Yes in news letter]]>
    </line>
    <line>
      <![CDATA[Clicked on Privacy Policy]]>
    </line>
    <line>
      <![CDATA[Clicked on Continue button]]>
    </line>
    <line>
      <![CDATA[The warning message is: Warning: E-Mail Address is already registered!]]>
    </line>
    <line>
      <![CDATA[Browser opened in Chrome]]>
    </line>
    <line>
      <![CDATA[FirstName not entered into the Firstname field]]>
    </line>
    <line>
      <![CDATA[LastName not entered into the Lastname field]]>
    </line>
    <line>
      <![CDATA[Email id not Entered into the Email address field]]>
    </line>
    <line>
      <![CDATA[Phone number not entered into telephone field]]>
    </line>
    <line>
      <![CDATA[Password not Entered in to the password field]]>
    </line>
    <line>
      <![CDATA[Password not Entered in to the confirm password field]]>
    </line>
    <line>
      <![CDATA[Clicked on Privacy Policy]]>
    </line>
    <line>
      <![CDATA[Clicked on Continue button]]>
    </line>
    <line>
      <![CDATA[The Warning Messages are:]]>
    </line>
    <line>
      <![CDATA[First Name must be between 1 and 32 characters!]]>
    </line>
    <line>
      <![CDATA[Last Name must be between 1 and 32 characters!]]>
    </line>
    <line>
      <![CDATA[E-Mail Address does not appear to be valid!]]>
    </line>
    <line>
      <![CDATA[Telephone must be between 3 and 32 characters!]]>
    </line>
    <line>
      <![CDATA[Password must be between 4 and 20 characters!]]>
    </line>
    <line>
      <![CDATA[Browser opened in Chrome]]>
    </line>
    <line>
      <![CDATA[Navigated to login page]]>
    </line>
    <line>
      <![CDATA[Entered Email Id in to the email adress text field]]>
    </line>
    <line>
      <![CDATA[Entered Password into the Password textfield]]>
    </line>
    <line>
      <![CDATA[**Clicked on Login Button**]]>
    </line>
    <line>
      <![CDATA[My Account is displayed]]>
    </line>
    <line>
      <![CDATA[Browser opened in Chrome]]>
    </line>
    <line>
      <![CDATA[Navigated to login page]]>
    </line>
    <line>
      <![CDATA[Entered invalid Email Id in to the email adress text field]]>
    </line>
    <line>
      <![CDATA[Entered Password into the Password textfield]]>
    </line>
    <line>
      <![CDATA[**Clicked on Login Button**]]>
    </line>
    <line>
      <![CDATA[Warning: No match for E-Mail Address and/or Password. : is displayed]]>
    </line>
    <line>
      <![CDATA[Browser opened in Chrome]]>
    </line>
    <line>
      <![CDATA[Navigated to login page]]>
    </line>
    <line>
      <![CDATA[Entered invalid Email Id in to the email adress text field]]>
    </line>
    <line>
      <![CDATA[Entered Password into the Password textfield]]>
    </line>
    <line>
      <![CDATA[**Clicked on Login Button**]]>
    </line>
    <line>
      <![CDATA[Warning: No match for E-Mail Address and/or Password. : is displayed]]>
    </line>
    <line>
      <![CDATA[Browser opened in Chrome]]>
    </line>
    <line>
      <![CDATA[Navigated to login page]]>
    </line>
    <line>
      <![CDATA[Entered invalid Email Id in to the email adress text field]]>
    </line>
    <line>
      <![CDATA[Entered Password into the Password textfield]]>
    </line>
    <line>
      <![CDATA[**Clicked on Login Button**]]>
    </line>
    <line>
      <![CDATA[Warning: Your account has exceeded allowed number of login attempts. Please try again in 1 hour. : is displayed]]>
    </line>
    <line>
      <![CDATA[Browser opened in Chrome]]>
    </line>
    <line>
      <![CDATA[Navigated to login page]]>
    </line>
    <line>
      <![CDATA[Entered nothing in to the email adress text field]]>
    </line>
    <line>
      <![CDATA[Entered nothing into the Password textfield]]>
    </line>
    <line>
      <![CDATA[**Clicked on Login Button**]]>
    </line>
    <line>
      <![CDATA[Warning: No match for E-Mail Address and/or Password. : is displayed]]>
    </line>
    <line>
      <![CDATA[Browser opened in Chrome]]>
    </line>
    <line>
      <![CDATA[Product name Entered in to the Search text field]]>
    </line>
    <line>
      <![CDATA[Clicked on Search Button==]]>
    </line>
    <line>
      <![CDATA[Browser opened in Chrome]]>
    </line>
    <line>
      <![CDATA[Product name Entered in to the Search text field]]>
    </line>
    <line>
      <![CDATA[Clicked on Search Button==]]>
    </line>
    <line>
      <![CDATA[Browser opened in Chrome]]>
    </line>
    <line>
      <![CDATA[Nothing Entered in to the Search text field]]>
    </line>
    <line>
      <![CDATA[Clicked on Search Button==]]>
    </line>
    <line>
      <![CDATA[Should get Some Relevent Product]]>
    </line>
  </reporter-output>
  <suite started-at="2023-06-14T11:53:05 IST" name="Suite" finished-at="2023-06-14T11:55:50 IST" duration-ms="165592">
    <groups>
      <group name="cucumber">
        <method signature="AbstractTestNGCucumberTests.runScenario(io.cucumber.testng.PickleWrapper,io.cucumber.testng.FeatureWrapper)[pri:0, instance:runner.MyRunner@4a94ee4]" name="runScenario" class="io.cucumber.testng.AbstractTestNGCucumberTests"/>
      </group> <!-- cucumber -->
    </groups>
    <test started-at="2023-06-14T11:53:05 IST" name="Test1" finished-at="2023-06-14T11:55:50 IST" duration-ms="165592">
      <class name="runner.MyRunner">
        <test-method is-config="true" signature="setUpClass()[pri:0, instance:runner.MyRunner@4a94ee4]" started-at="2023-06-14T11:53:05 IST" name="setUpClass" finished-at="2023-06-14T11:53:06 IST" duration-ms="1230" status="PASS">
          <reporter-output>
          </reporter-output>
        </test-method> <!-- setUpClass -->
        <test-method signature="runScenario(io.cucumber.testng.PickleWrapper,io.cucumber.testng.FeatureWrapper)[pri:0, instance:runner.MyRunner@4a94ee4]" started-at="2023-06-14T11:53:06 IST" name="runScenario" description="Runs Cucumber Scenarios" data-provider="scenarios" finished-at="2023-06-14T11:53:17 IST" duration-ms="11379" status="PASS">
          <params>
            <param index="0">
              <value>
                <![CDATA["User creates account only with mandatory fields"]]>
              </value>
            </param>
            <param index="1">
              <value>
                <![CDATA["Optional[Registration Functionality]"]]>
              </value>
            </param>
          </params>
          <reporter-output>
            <line>
              <![CDATA[Browser opened in Chrome]]>
            </line>
            <line>
              <![CDATA[FirstName entered into the Firstname field]]>
            </line>
            <line>
              <![CDATA[LastName entered into the Lastname field]]>
            </line>
            <line>
              <![CDATA[Email id Entered into the Email address field]]>
            </line>
            <line>
              <![CDATA[Phone number entered into telephone field]]>
            </line>
            <line>
              <![CDATA[Password Entered in to the password field]]>
            </line>
            <line>
              <![CDATA[Password Entered in to the confirm password field]]>
            </line>
            <line>
              <![CDATA[Clicked on Privacy Policy]]>
            </line>
            <line>
              <![CDATA[Clicked on Continue button]]>
            </line>
            <line>
              <![CDATA[successfully Created]]>
            </line>
          </reporter-output>
        </test-method> <!-- runScenario -->
        <test-method signature="runScenario(io.cucumber.testng.PickleWrapper,io.cucumber.testng.FeatureWrapper)[pri:0, instance:runner.MyRunner@4a94ee4]" started-at="2023-06-14T11:53:17 IST" name="runScenario" description="Runs Cucumber Scenarios" data-provider="scenarios" finished-at="2023-06-14T11:53:26 IST" duration-ms="8528" status="PASS">
          <params>
            <param index="0">
              <value>
                <![CDATA["User creates account only with all fields"]]>
              </value>
            </param>
            <param index="1">
              <value>
                <![CDATA["Optional[Registration Functionality]"]]>
              </value>
            </param>
          </params>
          <reporter-output>
            <line>
              <![CDATA[Browser opened in Chrome]]>
            </line>
            <line>
              <![CDATA[FirstName entered into the Firstname field]]>
            </line>
            <line>
              <![CDATA[LastName entered into the Lastname field]]>
            </line>
            <line>
              <![CDATA[Email id Entered into the Email address field]]>
            </line>
            <line>
              <![CDATA[Phone number entered into telephone field]]>
            </line>
            <line>
              <![CDATA[Password Entered in to the password field]]>
            </line>
            <line>
              <![CDATA[Password Entered in to the confirm password field]]>
            </line>
            <line>
              <![CDATA[Clicked on Yes in news letter]]>
            </line>
            <line>
              <![CDATA[Clicked on Privacy Policy]]>
            </line>
            <line>
              <![CDATA[Clicked on Continue button]]>
            </line>
            <line>
              <![CDATA[successfully Created]]>
            </line>
          </reporter-output>
        </test-method> <!-- runScenario -->
        <test-method signature="runScenario(io.cucumber.testng.PickleWrapper,io.cucumber.testng.FeatureWrapper)[pri:0, instance:runner.MyRunner@4a94ee4]" started-at="2023-06-14T11:53:26 IST" name="runScenario" description="Runs Cucumber Scenarios" data-provider="scenarios" finished-at="2023-06-14T11:54:50 IST" duration-ms="84160" status="PASS">
          <params>
            <param index="0">
              <value>
                <![CDATA["User creates a duplicate account"]]>
              </value>
            </param>
            <param index="1">
              <value>
                <![CDATA["Optional[Registration Functionality]"]]>
              </value>
            </param>
          </params>
          <reporter-output>
            <line>
              <![CDATA[Browser opened in Chrome]]>
            </line>
            <line>
              <![CDATA[FirstName entered into the Firstname field]]>
            </line>
            <line>
              <![CDATA[LastName entered into the Lastname field]]>
            </line>
            <line>
              <![CDATA[Email id Entered into the Email address field]]>
            </line>
            <line>
              <![CDATA[Phone number entered into telephone field]]>
            </line>
            <line>
              <![CDATA[Password Entered in to the password field]]>
            </line>
            <line>
              <![CDATA[Password Entered in to the confirm password field]]>
            </line>
            <line>
              <![CDATA[Clicked on Yes in news letter]]>
            </line>
            <line>
              <![CDATA[Clicked on Privacy Policy]]>
            </line>
            <line>
              <![CDATA[Clicked on Continue button]]>
            </line>
            <line>
              <![CDATA[The warning message is: Warning: E-Mail Address is already registered!]]>
            </line>
          </reporter-output>
        </test-method> <!-- runScenario -->
        <test-method signature="runScenario(io.cucumber.testng.PickleWrapper,io.cucumber.testng.FeatureWrapper)[pri:0, instance:runner.MyRunner@4a94ee4]" started-at="2023-06-14T11:54:50 IST" name="runScenario" description="Runs Cucumber Scenarios" data-provider="scenarios" finished-at="2023-06-14T11:54:57 IST" duration-ms="7292" status="PASS">
          <params>
            <param index="0">
              <value>
                <![CDATA["User creating account without filling any field"]]>
              </value>
            </param>
            <param index="1">
              <value>
                <![CDATA["Optional[Registration Functionality]"]]>
              </value>
            </param>
          </params>
          <reporter-output>
            <line>
              <![CDATA[Browser opened in Chrome]]>
            </line>
            <line>
              <![CDATA[FirstName not entered into the Firstname field]]>
            </line>
            <line>
              <![CDATA[LastName not entered into the Lastname field]]>
            </line>
            <line>
              <![CDATA[Email id not Entered into the Email address field]]>
            </line>
            <line>
              <![CDATA[Phone number not entered into telephone field]]>
            </line>
            <line>
              <![CDATA[Password not Entered in to the password field]]>
            </line>
            <line>
              <![CDATA[Password not Entered in to the confirm password field]]>
            </line>
            <line>
              <![CDATA[Clicked on Privacy Policy]]>
            </line>
            <line>
              <![CDATA[Clicked on Continue button]]>
            </line>
            <line>
              <![CDATA[The Warning Messages are:]]>
            </line>
            <line>
              <![CDATA[First Name must be between 1 and 32 characters!]]>
            </line>
            <line>
              <![CDATA[Last Name must be between 1 and 32 characters!]]>
            </line>
            <line>
              <![CDATA[E-Mail Address does not appear to be valid!]]>
            </line>
            <line>
              <![CDATA[Telephone must be between 3 and 32 characters!]]>
            </line>
            <line>
              <![CDATA[Password must be between 4 and 20 characters!]]>
            </line>
          </reporter-output>
        </test-method> <!-- runScenario -->
        <test-method signature="runScenario(io.cucumber.testng.PickleWrapper,io.cucumber.testng.FeatureWrapper)[pri:0, instance:runner.MyRunner@4a94ee4]" started-at="2023-06-14T11:54:57 IST" name="runScenario" description="Runs Cucumber Scenarios" data-provider="scenarios" finished-at="2023-06-14T11:55:03 IST" duration-ms="6129" status="PASS">
          <params>
            <param index="0">
              <value>
                <![CDATA["Login with valid credential"]]>
              </value>
            </param>
            <param index="1">
              <value>
                <![CDATA["Optional[Login Functionality]"]]>
              </value>
            </param>
          </params>
          <reporter-output>
            <line>
              <![CDATA[Browser opened in Chrome]]>
            </line>
            <line>
              <![CDATA[Navigated to login page]]>
            </line>
            <line>
              <![CDATA[Entered Email Id in to the email adress text field]]>
            </line>
            <line>
              <![CDATA[Entered Password into the Password textfield]]>
            </line>
            <line>
              <![CDATA[**Clicked on Login Button**]]>
            </line>
            <line>
              <![CDATA[My Account is displayed]]>
            </line>
          </reporter-output>
        </test-method> <!-- runScenario -->
        <test-method signature="runScenario(io.cucumber.testng.PickleWrapper,io.cucumber.testng.FeatureWrapper)[pri:0, instance:runner.MyRunner@4a94ee4]" started-at="2023-06-14T11:55:03 IST" name="runScenario" description="Runs Cucumber Scenarios" data-provider="scenarios" finished-at="2023-06-14T11:55:09 IST" duration-ms="5992" status="PASS">
          <params>
            <param index="0">
              <value>
                <![CDATA["Login with invalid credential"]]>
              </value>
            </param>
            <param index="1">
              <value>
                <![CDATA["Optional[Login Functionality]"]]>
              </value>
            </param>
          </params>
          <reporter-output>
            <line>
              <![CDATA[Browser opened in Chrome]]>
            </line>
            <line>
              <![CDATA[Navigated to login page]]>
            </line>
            <line>
              <![CDATA[Entered invalid Email Id in to the email adress text field]]>
            </line>
            <line>
              <![CDATA[Entered Password into the Password textfield]]>
            </line>
            <line>
              <![CDATA[**Clicked on Login Button**]]>
            </line>
            <line>
              <![CDATA[Warning: No match for E-Mail Address and/or Password. : is displayed]]>
            </line>
          </reporter-output>
        </test-method> <!-- runScenario -->
        <test-method signature="runScenario(io.cucumber.testng.PickleWrapper,io.cucumber.testng.FeatureWrapper)[pri:0, instance:runner.MyRunner@4a94ee4]" started-at="2023-06-14T11:55:09 IST" name="runScenario" description="Runs Cucumber Scenarios" data-provider="scenarios" finished-at="2023-06-14T11:55:15 IST" duration-ms="6093" status="PASS">
          <params>
            <param index="0">
              <value>
                <![CDATA["Login with valid email id and invalid password"]]>
              </value>
            </param>
            <param index="1">
              <value>
                <![CDATA["Optional[Login Functionality]"]]>
              </value>
            </param>
          </params>
          <reporter-output>
            <line>
              <![CDATA[Browser opened in Chrome]]>
            </line>
            <line>
              <![CDATA[Navigated to login page]]>
            </line>
            <line>
              <![CDATA[Entered invalid Email Id in to the email adress text field]]>
            </line>
            <line>
              <![CDATA[Entered Password into the Password textfield]]>
            </line>
            <line>
              <![CDATA[**Clicked on Login Button**]]>
            </line>
            <line>
              <![CDATA[Warning: No match for E-Mail Address and/or Password. : is displayed]]>
            </line>
          </reporter-output>
        </test-method> <!-- runScenario -->
        <test-method signature="runScenario(io.cucumber.testng.PickleWrapper,io.cucumber.testng.FeatureWrapper)[pri:0, instance:runner.MyRunner@4a94ee4]" started-at="2023-06-14T11:55:15 IST" name="runScenario" description="Runs Cucumber Scenarios" data-provider="scenarios" finished-at="2023-06-14T11:55:22 IST" duration-ms="6132" status="PASS">
          <params>
            <param index="0">
              <value>
                <![CDATA["Login with invalid email id and valid password"]]>
              </value>
            </param>
            <param index="1">
              <value>
                <![CDATA["Optional[Login Functionality]"]]>
              </value>
            </param>
          </params>
          <reporter-output>
            <line>
              <![CDATA[Browser opened in Chrome]]>
            </line>
            <line>
              <![CDATA[Navigated to login page]]>
            </line>
            <line>
              <![CDATA[Entered invalid Email Id in to the email adress text field]]>
            </line>
            <line>
              <![CDATA[Entered Password into the Password textfield]]>
            </line>
            <line>
              <![CDATA[**Clicked on Login Button**]]>
            </line>
            <line>
              <![CDATA[Warning: Your account has exceeded allowed number of login attempts. Please try again in 1 hour. : is displayed]]>
            </line>
          </reporter-output>
        </test-method> <!-- runScenario -->
        <test-method signature="runScenario(io.cucumber.testng.PickleWrapper,io.cucumber.testng.FeatureWrapper)[pri:0, instance:runner.MyRunner@4a94ee4]" started-at="2023-06-14T11:55:22 IST" name="runScenario" description="Runs Cucumber Scenarios" data-provider="scenarios" finished-at="2023-06-14T11:55:29 IST" duration-ms="7230" status="PASS">
          <params>
            <param index="0">
              <value>
                <![CDATA["Login without providing any credential"]]>
              </value>
            </param>
            <param index="1">
              <value>
                <![CDATA["Optional[Login Functionality]"]]>
              </value>
            </param>
          </params>
          <reporter-output>
            <line>
              <![CDATA[Browser opened in Chrome]]>
            </line>
            <line>
              <![CDATA[Navigated to login page]]>
            </line>
            <line>
              <![CDATA[Entered nothing in to the email adress text field]]>
            </line>
            <line>
              <![CDATA[Entered nothing into the Password textfield]]>
            </line>
            <line>
              <![CDATA[**Clicked on Login Button**]]>
            </line>
            <line>
              <![CDATA[Warning: No match for E-Mail Address and/or Password. : is displayed]]>
            </line>
          </reporter-output>
        </test-method> <!-- runScenario -->
        <test-method signature="runScenario(io.cucumber.testng.PickleWrapper,io.cucumber.testng.FeatureWrapper)[pri:0, instance:runner.MyRunner@4a94ee4]" started-at="2023-06-14T11:55:29 IST" name="runScenario" description="Runs Cucumber Scenarios" data-provider="scenarios" finished-at="2023-06-14T11:55:34 IST" duration-ms="5226" status="PASS">
          <params>
            <param index="0">
              <value>
                <![CDATA["User searches for a valid product"]]>
              </value>
            </param>
            <param index="1">
              <value>
                <![CDATA["Optional[Search Functionality]"]]>
              </value>
            </param>
          </params>
          <reporter-output>
            <line>
              <![CDATA[Browser opened in Chrome]]>
            </line>
            <line>
              <![CDATA[Product name Entered in to the Search text field]]>
            </line>
            <line>
              <![CDATA[Clicked on Search Button==]]>
            </line>
          </reporter-output>
        </test-method> <!-- runScenario -->
        <test-method signature="runScenario(io.cucumber.testng.PickleWrapper,io.cucumber.testng.FeatureWrapper)[pri:0, instance:runner.MyRunner@4a94ee4]" started-at="2023-06-14T11:55:34 IST" name="runScenario" description="Runs Cucumber Scenarios" data-provider="scenarios" finished-at="2023-06-14T11:55:40 IST" duration-ms="5681" status="PASS">
          <params>
            <param index="0">
              <value>
                <![CDATA["User searches for an invalid product"]]>
              </value>
            </param>
            <param index="1">
              <value>
                <![CDATA["Optional[Search Functionality]"]]>
              </value>
            </param>
          </params>
          <reporter-output>
            <line>
              <![CDATA[Browser opened in Chrome]]>
            </line>
            <line>
              <![CDATA[Product name Entered in to the Search text field]]>
            </line>
            <line>
              <![CDATA[Clicked on Search Button==]]>
            </line>
          </reporter-output>
        </test-method> <!-- runScenario -->
        <test-method signature="runScenario(io.cucumber.testng.PickleWrapper,io.cucumber.testng.FeatureWrapper)[pri:0, instance:runner.MyRunner@4a94ee4]" started-at="2023-06-14T11:55:40 IST" name="runScenario" description="Runs Cucumber Scenarios" data-provider="scenarios" finished-at="2023-06-14T11:55:46 IST" duration-ms="5995" status="PASS">
          <params>
            <param index="0">
              <value>
                <![CDATA["User searches without entering anything in search text field"]]>
              </value>
            </param>
            <param index="1">
              <value>
                <![CDATA["Optional[Search Functionality]"]]>
              </value>
            </param>
          </params>
          <reporter-output>
            <line>
              <![CDATA[Browser opened in Chrome]]>
            </line>
            <line>
              <![CDATA[Nothing Entered in to the Search text field]]>
            </line>
            <line>
              <![CDATA[Clicked on Search Button==]]>
            </line>
            <line>
              <![CDATA[Should get Some Relevent Product]]>
            </line>
          </reporter-output>
        </test-method> <!-- runScenario -->
        <test-method is-config="true" signature="tearDownClass()[pri:0, instance:runner.MyRunner@4a94ee4]" started-at="2023-06-14T11:55:46 IST" name="tearDownClass" finished-at="2023-06-14T11:55:50 IST" duration-ms="4435" status="PASS">
          <reporter-output>
          </reporter-output>
        </test-method> <!-- tearDownClass -->
      </class> <!-- runner.MyRunner -->
    </test> <!-- Test1 -->
  </suite> <!-- Suite -->
</testng-results>
