<?xml version="1.0" encoding="UTF-8"?>
<testsuite xmlns:xsi="http://www.w3.org/2001/XMLSchema-instance" xsi:noNamespaceSchemaLocation="https://maven.apache.org/surefire/maven-surefire-plugin/xsd/surefire-test-report-3.0.xsd" version="3.0" name="TestSuite" time="166.83" tests="12" errors="0" skipped="0" failures="0">
  <properties>
[...]
</properties>
  <testcase name="runScenario[&quot;User creates account only with mandatory fields&quot;, &quot;Optional[Registration Functionality]&quot;](1)" classname="runner.MyRunner" time="11.383">
    <system-out><![CDATA[
Scenario: User creates account only with mandatory fields &amp#27;[90m# src/main/resources/FeatureFile/Register.feature:6&amp#27;[0m
Browser opened in Chrome
  &amp#27;[32mGiven &amp#27;[0m&amp#27;[32mUser navigates to Register Account page&amp#27;[0m           &amp#27;[90m# script.Register.user_navigates_to_register_account_page()&amp#27;[0m
FirstName entered into the Firstname field
LastName entered into the Lastname field
Email id Entered into the Email address field
Phone number entered into telephone field
Password Entered in to the password field
Password Entered in to the confirm password field
  &amp#27;[32mWhen &amp#27;[0m&amp#27;[32muser enters the details into below fields&amp#27;[0m          &amp#27;[90m# script.Register.user_enters_the_details_into_below_fields(io.cucumber.datatable.DataTable)&amp#27;[0m
Clicked on Privacy Policy
  &amp#27;[32mAnd &amp#27;[0m&amp#27;[32mUser selects Privacy Policy&amp#27;[0m                         &amp#27;[90m# script.Register.user_selects_privacy_policy()&amp#27;[0m
Clicked on Continue button
  &amp#27;[32mAnd &amp#27;[0m&amp#27;[32muser clicks on Continue button&amp#27;[0m                      &amp#27;[90m# script.Register.user_clicks_on_continue_button()&amp#27;[0m
successfully Created
  &amp#27;[32mThen &amp#27;[0m&amp#27;[32muser account should get created successfully&amp#27;[0m       &amp#27;[90m# script.Register.user_account_should_get_created_successfully()&amp#27;[0m
]]></system-out>
    <system-err><![CDATA[Jun 14, 2023 11:53:06 AM org.openqa.selenium.manager.SeleniumManager getDriverPath
INFO: Applicable driver not found; attempting to install with Selenium Manager (Beta)
SLF4J: No SLF4J providers were found.
SLF4J: Defaulting to no-operation (NOP) logger implementation
SLF4J: See https://www.slf4j.org/codes.html#noProviders for further details.
Starting ChromeDriver 114.0.5735.90 (386bc09e8f4f2e025eddae123f36f6263096ae49-refs/branch-heads/5735@{#1052}) on port 35860
Only local connections are allowed.
Please see https://chromedriver.chromium.org/security-considerations for suggestions on keeping ChromeDriver safe.
ChromeDriver was started successfully.
Jun 14, 2023 11:53:12 AM org.openqa.selenium.devtools.CdpVersionFinder findNearestMatch
WARNING: Unable to find an exact match for CDP version 114, so returning the closest version found: 113
]]></system-err>
  </testcase>
  <testcase name="runScenario[&quot;User creates account only with all fields&quot;, &quot;Optional[Registration Functionality]&quot;](2)" classname="runner.MyRunner" time="8.523">
    <system-out><![CDATA[
Scenario: User creates account only with all fields &amp#27;[90m# src/main/resources/FeatureFile/Register.feature:17&amp#27;[0m
Browser opened in Chrome
  &amp#27;[32mGiven &amp#27;[0m&amp#27;[32mUser navigates to Register Account page&amp#27;[0m     &amp#27;[90m# script.Register.user_navigates_to_register_account_page()&amp#27;[0m
FirstName entered into the Firstname field
LastName entered into the Lastname field
Email id Entered into the Email address field
Phone number entered into telephone field
Password Entered in to the password field
Password Entered in to the confirm password field
  &amp#27;[32mWhen &amp#27;[0m&amp#27;[32muser enters the details into below fields&amp#27;[0m    &amp#27;[90m# script.Register.user_enters_the_details_into_below_fields(io.cucumber.datatable.DataTable)&amp#27;[0m
Clicked on Yes in news letter
  &amp#27;[32mAnd &amp#27;[0m&amp#27;[32muser selects yes for Newsletter&amp#27;[0m               &amp#27;[90m# script.Register.user_selects_yes_for_newsletter()&amp#27;[0m
Clicked on Privacy Policy
  &amp#27;[32mAnd &amp#27;[0m&amp#27;[32mUser selects Privacy Policy&amp#27;[0m                   &amp#27;[90m# script.Register.user_selects_privacy_policy()&amp#27;[0m
Clicked on Continue button
  &amp#27;[32mAnd &amp#27;[0m&amp#27;[32muser clicks on Continue button&amp#27;[0m                &amp#27;[90m# script.Register.user_clicks_on_continue_button()&amp#27;[0m
successfully Created
  &amp#27;[32mThen &amp#27;[0m&amp#27;[32muser account should get created successfully&amp#27;[0m &amp#27;[90m# script.Register.user_account_should_get_created_successfully()&amp#27;[0m
]]></system-out>
    <system-err><![CDATA[Jun 14, 2023 11:53:17 AM org.openqa.selenium.manager.SeleniumManager getDriverPath
INFO: Applicable driver not found; attempting to install with Selenium Manager (Beta)
Starting ChromeDriver 114.0.5735.90 (386bc09e8f4f2e025eddae123f36f6263096ae49-refs/branch-heads/5735@{#1052}) on port 31404
Only local connections are allowed.
Please see https://chromedriver.chromium.org/security-considerations for suggestions on keeping ChromeDriver safe.
ChromeDriver was started successfully.
Jun 14, 2023 11:53:20 AM org.openqa.selenium.devtools.CdpVersionFinder findNearestMatch
WARNING: Unable to find an exact match for CDP version 114, so returning the closest version found: 113
]]></system-err>
  </testcase>
  <testcase name="runScenario[&quot;User creates a duplicate account&quot;, &quot;Optional[Registration Functionality]&quot;](3)" classname="runner.MyRunner" time="84.16">
    <system-out><![CDATA[
Scenario: User creates a duplicate account                    &amp#27;[90m# src/main/resources/FeatureFile/Register.feature:29&amp#27;[0m
Browser opened in Chrome
  &amp#27;[32mGiven &amp#27;[0m&amp#27;[32mUser navigates to Register Account page&amp#27;[0m               &amp#27;[90m# script.Register.user_navigates_to_register_account_page()&amp#27;[0m
FirstName entered into the Firstname field
LastName entered into the Lastname field
Email id Entered into the Email address field
Phone number entered into telephone field
Password Entered in to the password field
Password Entered in to the confirm password field
  &amp#27;[32mWhen &amp#27;[0m&amp#27;[32muser enters again the details into below fields&amp#27;[0m        &amp#27;[90m# script.Register.user_enters_again_the_details_into_below_fields(io.cucumber.datatable.DataTable)&amp#27;[0m
Clicked on Yes in news letter
  &amp#27;[32mAnd &amp#27;[0m&amp#27;[32muser selects yes for Newsletter&amp#27;[0m                         &amp#27;[90m# script.Register.user_selects_yes_for_newsletter()&amp#27;[0m
Clicked on Privacy Policy
  &amp#27;[32mAnd &amp#27;[0m&amp#27;[32mUser selects Privacy Policy&amp#27;[0m                             &amp#27;[90m# script.Register.user_selects_privacy_policy()&amp#27;[0m
Clicked on Continue button
  &amp#27;[32mAnd &amp#27;[0m&amp#27;[32muser clicks on Continue button&amp#27;[0m                          &amp#27;[90m# script.Register.user_clicks_on_continue_button()&amp#27;[0m
The warning message is: Warning: E-Mail Address is already registered!
  &amp#27;[32mThen &amp#27;[0m&amp#27;[32muser should get a proper warning about duplicate email&amp#27;[0m &amp#27;[90m# script.Register.user_should_get_a_proper_warning_about_duplicate_email()&amp#27;[0m
]]></system-out>
    <system-err><![CDATA[Jun 14, 2023 11:53:26 AM org.openqa.selenium.manager.SeleniumManager getDriverPath
INFO: Applicable driver not found; attempting to install with Selenium Manager (Beta)
Starting ChromeDriver 114.0.5735.90 (386bc09e8f4f2e025eddae123f36f6263096ae49-refs/branch-heads/5735@{#1052}) on port 39011
Only local connections are allowed.
Please see https://chromedriver.chromium.org/security-considerations for suggestions on keeping ChromeDriver safe.
ChromeDriver was started successfully.
Jun 14, 2023 11:53:28 AM org.openqa.selenium.devtools.CdpVersionFinder findNearestMatch
WARNING: Unable to find an exact match for CDP version 114, so returning the closest version found: 113
]]></system-err>
  </testcase>
  <testcase name="runScenario[&quot;User creating account without filling any field&quot;, &quot;Optional[Registration Functionality]&quot;](4)" classname="runner.MyRunner" time="7.292">
    <system-out><![CDATA[
Scenario: User creating account without filling any field               &amp#27;[90m# src/main/resources/FeatureFile/Register.feature:41&amp#27;[0m
Browser opened in Chrome
  &amp#27;[32mGiven &amp#27;[0m&amp#27;[32mUser navigates to Register Account page&amp#27;[0m                         &amp#27;[90m# script.Register.user_navigates_to_register_account_page()&amp#27;[0m
FirstName not entered into the Firstname field
LastName not entered into the Lastname field
Email id not Entered into the Email address field
Phone number not entered into telephone field
Password not Entered in to the password field
Password not Entered in to the confirm password field
  &amp#27;[32mWhen &amp#27;[0m&amp#27;[32mUser do not enter any details into any field&amp#27;[0m                     &amp#27;[90m# script.Register.user_do_not_enter_any_details_into_any_field()&amp#27;[0m
Clicked on Privacy Policy
  &amp#27;[32mAnd &amp#27;[0m&amp#27;[32mUser selects Privacy Policy&amp#27;[0m                                       &amp#27;[90m# script.Register.user_selects_privacy_policy()&amp#27;[0m
Clicked on Continue button
  &amp#27;[32mAnd &amp#27;[0m&amp#27;[32mClicks on continue button&amp#27;[0m                                         &amp#27;[90m# script.Register.clicks_on_continue_button()&amp#27;[0m
The Warning Messages are:
First Name must be between 1 and 32 characters!
Last Name must be between 1 and 32 characters!
E-Mail Address does not appear to be valid!
Telephone must be between 3 and 32 characters!
Password must be between 4 and 20 characters!
  &amp#27;[32mThen &amp#27;[0m&amp#27;[32muser should get proper warning message for every mandatory field&amp#27;[0m &amp#27;[90m# script.Register.user_should_get_proper_warning_message_for_every_mandatory_field()&amp#27;[0m
]]></system-out>
    <system-err><![CDATA[Jun 14, 2023 11:54:50 AM org.openqa.selenium.manager.SeleniumManager getDriverPath
INFO: Applicable driver not found; attempting to install with Selenium Manager (Beta)
Starting ChromeDriver 114.0.5735.90 (386bc09e8f4f2e025eddae123f36f6263096ae49-refs/branch-heads/5735@{#1052}) on port 20367
Only local connections are allowed.
Please see https://chromedriver.chromium.org/security-considerations for suggestions on keeping ChromeDriver safe.
ChromeDriver was started successfully.
Jun 14, 2023 11:54:52 AM org.openqa.selenium.devtools.CdpVersionFinder findNearestMatch
WARNING: Unable to find an exact match for CDP version 114, so returning the closest version found: 113
]]></system-err>
  </testcase>
  <testcase name="runScenario[&quot;Login with valid credential&quot;, &quot;Optional[Login Functionality]&quot;](5)" classname="runner.MyRunner" time="6.129">
    <system-out><![CDATA[
Scenario: Login with valid credential                                                 &amp#27;[90m# src/main/resources/FeatureFile/login.feature:6&amp#27;[0m
Browser opened in Chrome
Navigated to login page
  &amp#27;[32mGiven &amp#27;[0m&amp#27;[32muser has navigated to login page&amp#27;[0m                                              &amp#27;[90m# script.Login.user_has_navigated_to_login_page()&amp#27;[0m
Entered Email Id in to the email adress text field
  &amp#27;[32mWhen &amp#27;[0m&amp#27;[32muser enters valid email address &amp#27;[0m&amp#27;[32m&amp#27;[1m"shibamohapatra153@gmail.com"&amp#27;[0m&amp#27;[32m into email field&amp#27;[0m &amp#27;[90m# script.Login.user_enters_valid_email_address_into_email_field(java.lang.String)&amp#27;[0m
Entered Password into the Password textfield
  &amp#27;[32mAnd &amp#27;[0m&amp#27;[32muser enters valid password &amp#27;[0m&amp#27;[32m&amp#27;[1m"Shiba@54"&amp#27;[0m&amp#27;[32m into password field&amp#27;[0m                       &amp#27;[90m# script.Login.user_enters_valid_password_into_password_field(java.lang.String)&amp#27;[0m
**Clicked on Login Button**
  &amp#27;[32mAnd &amp#27;[0m&amp#27;[32muser clicks on the  login button&amp#27;[0m                                                &amp#27;[90m# script.Login.user_clicks_on_the_login_button()&amp#27;[0m
My Account is displayed
  &amp#27;[32mThen &amp#27;[0m&amp#27;[32muser should get successfully logged in&amp#27;[0m                                         &amp#27;[90m# script.Login.user_should_get_successfully_logged_in()&amp#27;[0m
]]></system-out>
    <system-err><![CDATA[Jun 14, 2023 11:54:57 AM org.openqa.selenium.manager.SeleniumManager getDriverPath
INFO: Applicable driver not found; attempting to install with Selenium Manager (Beta)
Starting ChromeDriver 114.0.5735.90 (386bc09e8f4f2e025eddae123f36f6263096ae49-refs/branch-heads/5735@{#1052}) on port 3510
Only local connections are allowed.
Please see https://chromedriver.chromium.org/security-considerations for suggestions on keeping ChromeDriver safe.
ChromeDriver was started successfully.
Jun 14, 2023 11:54:59 AM org.openqa.selenium.devtools.CdpVersionFinder findNearestMatch
WARNING: Unable to find an exact match for CDP version 114, so returning the closest version found: 113
]]></system-err>
  </testcase>
  <testcase name="runScenario[&quot;Login with invalid credential&quot;, &quot;Optional[Login Functionality]&quot;](6)" classname="runner.MyRunner" time="5.992">
    <system-out><![CDATA[
Scenario: Login with invalid credential                                     &amp#27;[90m# src/main/resources/FeatureFile/login.feature:12&amp#27;[0m
Browser opened in Chrome
Navigated to login page
  &amp#27;[32mGiven &amp#27;[0m&amp#27;[32muser has navigated to login page&amp#27;[0m                                    &amp#27;[90m# script.Login.user_has_navigated_to_login_page()&amp#27;[0m
Entered invalid Email Id in to the email adress text field
  &amp#27;[32mWhen &amp#27;[0m&amp#27;[32muser enters invalid email address &amp#27;[0m&amp#27;[32m&amp#27;[1m"shiba@gmail.com"&amp#27;[0m&amp#27;[32m into email field&amp#27;[0m &amp#27;[90m# script.Login.user_enters_invalid_email_address_into_email_field(java.lang.String)&amp#27;[0m
Entered Password into the Password textfield
  &amp#27;[32mAnd &amp#27;[0m&amp#27;[32muser enters valid password &amp#27;[0m&amp#27;[32m&amp#27;[1m"Sh@54"&amp#27;[0m&amp#27;[32m into password field&amp#27;[0m                &amp#27;[90m# script.Login.user_enters_valid_password_into_password_field(java.lang.String)&amp#27;[0m
**Clicked on Login Button**
  &amp#27;[32mAnd &amp#27;[0m&amp#27;[32muser clicks on the  login button&amp#27;[0m                                      &amp#27;[90m# script.Login.user_clicks_on_the_login_button()&amp#27;[0m
Warning: No match for E-Mail Address and/or Password. : is displayed
  &amp#27;[32mThen &amp#27;[0m&amp#27;[32muser should get proper warning message&amp#27;[0m                               &amp#27;[90m# script.Login.user_should_get_proper_warning_message()&amp#27;[0m
]]></system-out>
    <system-err><![CDATA[Jun 14, 2023 11:55:03 AM org.openqa.selenium.manager.SeleniumManager getDriverPath
INFO: Applicable driver not found; attempting to install with Selenium Manager (Beta)
Starting ChromeDriver 114.0.5735.90 (386bc09e8f4f2e025eddae123f36f6263096ae49-refs/branch-heads/5735@{#1052}) on port 13309
Only local connections are allowed.
Please see https://chromedriver.chromium.org/security-considerations for suggestions on keeping ChromeDriver safe.
ChromeDriver was started successfully.
Jun 14, 2023 11:55:05 AM org.openqa.selenium.devtools.CdpVersionFinder findNearestMatch
WARNING: Unable to find an exact match for CDP version 114, so returning the closest version found: 113
]]></system-err>
  </testcase>
  <testcase name="runScenario[&quot;Login with valid email id and invalid password&quot;, &quot;Optional[Login Functionality]&quot;](7)" classname="runner.MyRunner" time="6.093">
    <system-out><![CDATA[
Scenario: Login with valid email id and invalid password                                &amp#27;[90m# src/main/resources/FeatureFile/login.feature:18&amp#27;[0m
Browser opened in Chrome
Navigated to login page
  &amp#27;[32mGiven &amp#27;[0m&amp#27;[32muser has navigated to login page&amp#27;[0m                                                &amp#27;[90m# script.Login.user_has_navigated_to_login_page()&amp#27;[0m
Entered invalid Email Id in to the email adress text field
  &amp#27;[32mWhen &amp#27;[0m&amp#27;[32muser enters invalid email address &amp#27;[0m&amp#27;[32m&amp#27;[1m"shibamohapatra153@gmail.com"&amp#27;[0m&amp#27;[32m into email field&amp#27;[0m &amp#27;[90m# script.Login.user_enters_invalid_email_address_into_email_field(java.lang.String)&amp#27;[0m
Entered Password into the Password textfield
  &amp#27;[32mAnd &amp#27;[0m&amp#27;[32muser enters valid password &amp#27;[0m&amp#27;[32m&amp#27;[1m"Sh@54"&amp#27;[0m&amp#27;[32m into password field&amp#27;[0m                            &amp#27;[90m# script.Login.user_enters_valid_password_into_password_field(java.lang.String)&amp#27;[0m
**Clicked on Login Button**
  &amp#27;[32mAnd &amp#27;[0m&amp#27;[32muser clicks on the  login button&amp#27;[0m                                                  &amp#27;[90m# script.Login.user_clicks_on_the_login_button()&amp#27;[0m
Warning: No match for E-Mail Address and/or Password. : is displayed
  &amp#27;[32mThen &amp#27;[0m&amp#27;[32muser should get proper warning message about credentials&amp#27;[0m                         &amp#27;[90m# script.Login.user_should_get_proper_warning_message_about_credentials()&amp#27;[0m
]]></system-out>
    <system-err><![CDATA[Jun 14, 2023 11:55:09 AM org.openqa.selenium.manager.SeleniumManager getDriverPath
INFO: Applicable driver not found; attempting to install with Selenium Manager (Beta)
Starting ChromeDriver 114.0.5735.90 (386bc09e8f4f2e025eddae123f36f6263096ae49-refs/branch-heads/5735@{#1052}) on port 27321
Only local connections are allowed.
Please see https://chromedriver.chromium.org/security-considerations for suggestions on keeping ChromeDriver safe.
ChromeDriver was started successfully.
Jun 14, 2023 11:55:11 AM org.openqa.selenium.devtools.CdpVersionFinder findNearestMatch
WARNING: Unable to find an exact match for CDP version 114, so returning the closest version found: 113
]]></system-err>
  </testcase>
  <testcase name="runScenario[&quot;Login with invalid email id and valid password&quot;, &quot;Optional[Login Functionality]&quot;](8)" classname="runner.MyRunner" time="6.132">
    <system-out><![CDATA[
Scenario: Login with invalid email id and valid password                    &amp#27;[90m# src/main/resources/FeatureFile/login.feature:24&amp#27;[0m
Browser opened in Chrome
Navigated to login page
  &amp#27;[32mGiven &amp#27;[0m&amp#27;[32muser has navigated to login page&amp#27;[0m                                    &amp#27;[90m# script.Login.user_has_navigated_to_login_page()&amp#27;[0m
Entered invalid Email Id in to the email adress text field
  &amp#27;[32mWhen &amp#27;[0m&amp#27;[32muser enters invalid email address &amp#27;[0m&amp#27;[32m&amp#27;[1m"shiba@gmail.com"&amp#27;[0m&amp#27;[32m into email field&amp#27;[0m &amp#27;[90m# script.Login.user_enters_invalid_email_address_into_email_field(java.lang.String)&amp#27;[0m
Entered Password into the Password textfield
  &amp#27;[32mAnd &amp#27;[0m&amp#27;[32muser enters valid password &amp#27;[0m&amp#27;[32m&amp#27;[1m"Shiba@54"&amp#27;[0m&amp#27;[32m into password field&amp#27;[0m             &amp#27;[90m# script.Login.user_enters_valid_password_into_password_field(java.lang.String)&amp#27;[0m
**Clicked on Login Button**
  &amp#27;[32mAnd &amp#27;[0m&amp#27;[32muser clicks on the  login button&amp#27;[0m                                      &amp#27;[90m# script.Login.user_clicks_on_the_login_button()&amp#27;[0m
Warning: Your account has exceeded allowed number of login attempts. Please try again in 1 hour. : is displayed
  &amp#27;[32mThen &amp#27;[0m&amp#27;[32muser should get proper warning message about credentials&amp#27;[0m             &amp#27;[90m# script.Login.user_should_get_proper_warning_message_about_credentials()&amp#27;[0m
]]></system-out>
    <system-err><![CDATA[Jun 14, 2023 11:55:16 AM org.openqa.selenium.manager.SeleniumManager getDriverPath
INFO: Applicable driver not found; attempting to install with Selenium Manager (Beta)
Starting ChromeDriver 114.0.5735.90 (386bc09e8f4f2e025eddae123f36f6263096ae49-refs/branch-heads/5735@{#1052}) on port 33334
Only local connections are allowed.
Please see https://chromedriver.chromium.org/security-considerations for suggestions on keeping ChromeDriver safe.
ChromeDriver was started successfully.
Jun 14, 2023 11:55:18 AM org.openqa.selenium.devtools.CdpVersionFinder findNearestMatch
WARNING: Unable to find an exact match for CDP version 114, so returning the closest version found: 113
]]></system-err>
  </testcase>
  <testcase name="runScenario[&quot;Login without providing any credential&quot;, &quot;Optional[Login Functionality]&quot;](9)" classname="runner.MyRunner" time="7.23">
    <system-out><![CDATA[
Scenario: Login without providing any credential              &amp#27;[90m# src/main/resources/FeatureFile/login.feature:30&amp#27;[0m
Browser opened in Chrome
Navigated to login page
  &amp#27;[32mGiven &amp#27;[0m&amp#27;[32muser has navigated to login page&amp#27;[0m                      &amp#27;[90m# script.Login.user_has_navigated_to_login_page()&amp#27;[0m
Entered nothing in to the email adress text field
  &amp#27;[32mWhen &amp#27;[0m&amp#27;[32muser do not enter email id into email field&amp#27;[0m            &amp#27;[90m# script.Login.user_do_not_enter_email_id_into_email_field()&amp#27;[0m
Entered nothing into the Password textfield
  &amp#27;[32mAnd &amp#27;[0m&amp#27;[32muser do not enter password into password field&amp#27;[0m          &amp#27;[90m# script.Login.user_do_not_enter_password_into_password_field()&amp#27;[0m
**Clicked on Login Button**
  &amp#27;[32mAnd &amp#27;[0m&amp#27;[32muser clicks on the login button&amp#27;[0m                         &amp#27;[90m# script.Login.user_clicks_on_the_login_button1()&amp#27;[0m
Warning: No match for E-Mail Address and/or Password. : is displayed
  &amp#27;[32mThen &amp#27;[0m&amp#27;[32muser should get proper warning for all mandatory field&amp#27;[0m &amp#27;[90m# script.Login.user_should_get_proper_warning_for_all_mandatory_field()&amp#27;[0m
]]></system-out>
    <system-err><![CDATA[Jun 14, 2023 11:55:22 AM org.openqa.selenium.manager.SeleniumManager getDriverPath
INFO: Applicable driver not found; attempting to install with Selenium Manager (Beta)
Starting ChromeDriver 114.0.5735.90 (386bc09e8f4f2e025eddae123f36f6263096ae49-refs/branch-heads/5735@{#1052}) on port 8921
Only local connections are allowed.
Please see https://chromedriver.chromium.org/security-considerations for suggestions on keeping ChromeDriver safe.
ChromeDriver was started successfully.
Jun 14, 2023 11:55:24 AM org.openqa.selenium.devtools.CdpVersionFinder findNearestMatch
WARNING: Unable to find an exact match for CDP version 114, so returning the closest version found: 113
]]></system-err>
  </testcase>
  <testcase name="runScenario[&quot;User searches for a valid product&quot;, &quot;Optional[Search Functionality]&quot;](10)" classname="runner.MyRunner" time="5.225">
    <system-out><![CDATA[
Scenario: User searches for a valid product                      &amp#27;[90m# src/main/resources/FeatureFile/searchbox.feature:6&amp#27;[0m
Browser opened in Chrome
  &amp#27;[32mGiven &amp#27;[0m&amp#27;[32mUser opens application&amp#27;[0m                                   &amp#27;[90m# script.SearchBox.user_opens_application()&amp#27;[0m
Product name Entered in to the Search text field
  &amp#27;[32mWhen &amp#27;[0m&amp#27;[32muser enters valid product name &amp#27;[0m&amp#27;[32m&amp#27;[1m"HP"&amp#27;[0m&amp#27;[32m into search box field&amp#27;[0m &amp#27;[90m# script.SearchBox.user_enters_valid_product_name_into_search_box_field(java.lang.String)&amp#27;[0m
Clicked on Search Button==
  &amp#27;[32mAnd &amp#27;[0m&amp#27;[32muser clicks on search button&amp#27;[0m                               &amp#27;[90m# script.SearchBox.user_clicks_on_search_button()&amp#27;[0m
  &amp#27;[32mThen &amp#27;[0m&amp#27;[32muser should get valid product displayed in search results&amp#27;[0m &amp#27;[90m# script.SearchBox.user_should_get_valid_product_displayed_in_search_results()&amp#27;[0m
]]></system-out>
    <system-err><![CDATA[Jun 14, 2023 11:55:29 AM org.openqa.selenium.manager.SeleniumManager getDriverPath
INFO: Applicable driver not found; attempting to install with Selenium Manager (Beta)
Starting ChromeDriver 114.0.5735.90 (386bc09e8f4f2e025eddae123f36f6263096ae49-refs/branch-heads/5735@{#1052}) on port 41220
Only local connections are allowed.
Please see https://chromedriver.chromium.org/security-considerations for suggestions on keeping ChromeDriver safe.
ChromeDriver was started successfully.
Jun 14, 2023 11:55:31 AM org.openqa.selenium.devtools.CdpVersionFinder findNearestMatch
WARNING: Unable to find an exact match for CDP version 114, so returning the closest version found: 113
]]></system-err>
  </testcase>
  <testcase name="runScenario[&quot;User searches for an invalid product&quot;, &quot;Optional[Search Functionality]&quot;](11)" classname="runner.MyRunner" time="5.681">
    <system-out><![CDATA[
Scenario: User searches for an invalid product                        &amp#27;[90m# src/main/resources/FeatureFile/searchbox.feature:11&amp#27;[0m
Browser opened in Chrome
  &amp#27;[32mGiven &amp#27;[0m&amp#27;[32mUser opens application&amp#27;[0m                                        &amp#27;[90m# script.SearchBox.user_opens_application()&amp#27;[0m
Product name Entered in to the Search text field
  &amp#27;[32mWhen &amp#27;[0m&amp#27;[32muser enters invalid product name &amp#27;[0m&amp#27;[32m&amp#27;[1m"Honda"&amp#27;[0m&amp#27;[32m into search box field&amp#27;[0m &amp#27;[90m# script.SearchBox.user_enters_invalid_product_name_into_search_box_field(java.lang.String)&amp#27;[0m
Clicked on Search Button==
  &amp#27;[32mAnd &amp#27;[0m&amp#27;[32muser clicks on search button&amp#27;[0m                                    &amp#27;[90m# script.SearchBox.user_clicks_on_search_button()&amp#27;[0m
  &amp#27;[32mThen &amp#27;[0m&amp#27;[32muser should get message no matching product&amp#27;[0m                    &amp#27;[90m# script.SearchBox.user_should_get_message_no_matching_product()&amp#27;[0m
]]></system-out>
    <system-err><![CDATA[Jun 14, 2023 11:55:34 AM org.openqa.selenium.manager.SeleniumManager getDriverPath
INFO: Applicable driver not found; attempting to install with Selenium Manager (Beta)
Starting ChromeDriver 114.0.5735.90 (386bc09e8f4f2e025eddae123f36f6263096ae49-refs/branch-heads/5735@{#1052}) on port 34382
Only local connections are allowed.
Please see https://chromedriver.chromium.org/security-considerations for suggestions on keeping ChromeDriver safe.
ChromeDriver was started successfully.
Jun 14, 2023 11:55:36 AM org.openqa.selenium.devtools.CdpVersionFinder findNearestMatch
WARNING: Unable to find an exact match for CDP version 114, so returning the closest version found: 113
]]></system-err>
  </testcase>
  <testcase name="runScenario[&quot;User searches without entering anything in search text field&quot;, &quot;Optional[Search Functionality]&quot;](12)" classname="runner.MyRunner" time="5.995">
    <system-out><![CDATA[
Scenario: User searches without entering anything in search text field &amp#27;[90m# src/main/resources/FeatureFile/searchbox.feature:16&amp#27;[0m
Browser opened in Chrome
  &amp#27;[32mGiven &amp#27;[0m&amp#27;[32mUser opens application&amp#27;[0m                                         &amp#27;[90m# script.SearchBox.user_opens_application()&amp#27;[0m
Nothing Entered in to the Search text field
  &amp#27;[32mWhen &amp#27;[0m&amp#27;[32muser do not enter anything into search box field&amp#27;[0m                &amp#27;[90m# script.SearchBox.user_do_not_enter_anything_into_search_box_field()&amp#27;[0m
Clicked on Search Button==
  &amp#27;[32mAnd &amp#27;[0m&amp#27;[32muser clicks on search button&amp#27;[0m                                     &amp#27;[90m# script.SearchBox.user_clicks_on_search_button()&amp#27;[0m
Should get Some Relevent Product
  &amp#27;[32mThen &amp#27;[0m&amp#27;[32muser should get proper message&amp#27;[0m                                  &amp#27;[90m# script.SearchBox.user_should_get_proper_message()&amp#27;[0m
]]></system-out>
    <system-err><![CDATA[Jun 14, 2023 11:55:40 AM org.openqa.selenium.manager.SeleniumManager getDriverPath
INFO: Applicable driver not found; attempting to install with Selenium Manager (Beta)
Starting ChromeDriver 114.0.5735.90 (386bc09e8f4f2e025eddae123f36f6263096ae49-refs/branch-heads/5735@{#1052}) on port 30576
Only local connections are allowed.
Please see https://chromedriver.chromium.org/security-considerations for suggestions on keeping ChromeDriver safe.
ChromeDriver was started successfully.
Jun 14, 2023 11:55:42 AM org.openqa.selenium.devtools.CdpVersionFinder findNearestMatch
WARNING: Unable to find an exact match for CDP version 114, so returning the closest version found: 113
]]></system-err>
  </testcase>
</testsuite>